<2017-11-27 22:893:028> <PROGRAM> <INFO> setAge() called : 658589564
<2017-11-27 22:897:028> <PROGRAM> <INFO> getAge() called : 658589564
<2017-11-27 22:899:028> <PROGRAM> <INFO> setName() called : Béatrice
<2017-11-27 22:899:028> <PROGRAM> <INFO> getName() called : Béatrice
<2017-11-27 22:899:028> <PROGRAM> <INFO> setBalance() called : 1.0
<2017-11-27 22:900:028> <PROGRAM> <INFO> getBalance() called : 1.0
<2017-11-27 22:900:028> <PROGRAM> <INFO> setBalance() called : 0.1
<2017-11-27 22:900:028> <PROGRAM> <INFO> getBalance() called : 0.1
<2017-11-27 22:901:028> <PROGRAM> <INFO> getBalance() called : 0.1
<2017-11-27 22:901:028> <PROGRAM> <INFO> setBalance() called : 1.1
<2017-11-27 22:901:028> <PROGRAM> <INFO> getBalance() called : 1.1
<2017-11-27 22:901:028> <PROGRAM> <INFO> setBalance() called : 0.51
<2017-11-27 22:901:028> <PROGRAM> <INFO> getBalance() called : 0.51
<2017-11-27 22:902:028> <PROGRAM> <INFO> getBalance() called : 0.51
<2017-11-27 22:902:028> <PROGRAM> <INFO> getBalance() called : 0.51
<2017-11-27 22:902:028> <PROGRAM> <INFO> setBalance() called : -0.49
<2017-11-27 22:902:028> <PROGRAM> <INFO> getBalance() called : -0.49
<2017-11-27 22:903:028> <PROGRAM> <INFO> setBalance() called : 0.54
<2017-11-27 22:903:028> <PROGRAM> <INFO> setBalance() called : 0.2
<2017-11-27 22:903:028> <PROGRAM> <INFO> getBalance() called : 0.2
<2017-11-27 22:903:028> <PROGRAM> <INFO> getBalance() called : 0.2
<2017-11-27 22:903:028> <PROGRAM> <INFO> getBalance() called : 0.54
<2017-11-27 22:904:028> <PROGRAM> <INFO> getBalance() called : 0.2
<2017-11-27 22:904:028> <PROGRAM> <INFO> setBalance() called : 0.2
<2017-11-27 22:904:028> <PROGRAM> <INFO> getBalance() called : 0.54
<2017-11-27 22:904:028> <PROGRAM> <INFO> setBalance() called : 0.54
<2017-11-27 22:287:047> <PROGRAM> <INFO> setAge() called : -1920175425
<2017-11-27 22:291:047> <PROGRAM> <INFO> getAge() called : -1920175425
<2017-11-27 22:293:047> <PROGRAM> <INFO> setName() called : Béatrice
<2017-11-27 22:293:047> <PROGRAM> <INFO> getName() called : Béatrice
<2017-11-27 22:293:047> <PROGRAM> <INFO> setBalance() called : 1.0
<2017-11-27 22:294:047> <PROGRAM> <INFO> getBalance() called : 1.0
<2017-11-27 22:294:047> <PROGRAM> <INFO> setBalance() called : 0.32
<2017-11-27 22:294:047> <PROGRAM> <INFO> getBalance() called : 0.32
<2017-11-27 22:295:047> <PROGRAM> <INFO> getBalance() called : 0.32
<2017-11-27 22:295:047> <PROGRAM> <INFO> setBalance() called : 0.32
<2017-11-27 22:295:047> <PROGRAM> <INFO> getBalance() called : 0.32
<2017-11-27 22:295:047> <PROGRAM> <INFO> setBalance() called : 0.83
<2017-11-27 22:296:047> <PROGRAM> <INFO> getBalance() called : 0.83
<2017-11-27 22:296:047> <PROGRAM> <INFO> getBalance() called : 0.83
<2017-11-27 22:296:047> <PROGRAM> <INFO> getBalance() called : 0.83
<2017-11-27 22:296:047> <PROGRAM> <INFO> setBalance() called : 0.83
<2017-11-27 22:297:047> <PROGRAM> <INFO> getBalance() called : 0.83
<2017-11-27 22:297:047> <PROGRAM> <INFO> setBalance() called : 0.67
<2017-11-27 22:297:047> <PROGRAM> <INFO> setBalance() called : 0.17
<2017-11-27 22:297:047> <PROGRAM> <INFO> getBalance() called : 0.17
<2017-11-27 22:297:047> <PROGRAM> <INFO> getBalance() called : 0.17
<2017-11-27 22:298:047> <PROGRAM> <INFO> getBalance() called : 0.67
<2017-11-27 22:298:047> <PROGRAM> <INFO> getBalance() called : 0.17
<2017-11-27 22:298:047> <PROGRAM> <INFO> setBalance() called : 0.17
<2017-11-27 22:298:047> <PROGRAM> <INFO> getBalance() called : 0.67
<2017-11-27 22:298:047> <PROGRAM> <INFO> setBalance() called : 0.67
<2017-11-27 22:754:058> <PROGRAM> <INFO> setAge() called : 1657932459
<2017-11-27 22:757:058> <PROGRAM> <INFO> getAge() called : 1657932459
<2017-11-27 22:759:058> <PROGRAM> <INFO> setName() called : Béatrice
<2017-11-27 22:760:058> <PROGRAM> <INFO> getName() called : Béatrice
<2017-11-27 22:760:058> <PROGRAM> <INFO> setBalance() called : 0.0
<2017-11-27 22:760:058> <PROGRAM> <INFO> getBalance() called : 0.0
<2017-11-27 22:761:058> <PROGRAM> <INFO> setBalance() called : 0.26
<2017-11-27 22:761:058> <PROGRAM> <INFO> getBalance() called : 0.26
<2017-11-27 22:761:058> <PROGRAM> <INFO> getBalance() called : 0.26
<2017-11-27 22:762:058> <PROGRAM> <INFO> setBalance() called : 1.26
<2017-11-27 22:762:058> <PROGRAM> <INFO> getBalance() called : 1.26
<2017-11-27 22:762:058> <PROGRAM> <INFO> setBalance() called : 0.73
<2017-11-27 22:762:058> <PROGRAM> <INFO> getBalance() called : 0.73
<2017-11-27 22:763:058> <PROGRAM> <INFO> getBalance() called : 0.73
<2017-11-27 22:763:058> <PROGRAM> <INFO> getBalance() called : 0.73
<2017-11-27 22:763:058> <PROGRAM> <INFO> setBalance() called : 0.73
<2017-11-27 22:764:058> <PROGRAM> <INFO> getBalance() called : 0.73
<2017-11-27 22:764:058> <PROGRAM> <INFO> setBalance() called : 0.18
<2017-11-27 22:764:058> <PROGRAM> <INFO> setBalance() called : 0.3
<2017-11-27 22:764:058> <PROGRAM> <INFO> getBalance() called : 0.3
<2017-11-27 22:765:058> <PROGRAM> <INFO> getBalance() called : 0.3
<2017-11-27 22:765:058> <PROGRAM> <INFO> getBalance() called : 0.18
<2017-11-27 22:765:058> <PROGRAM> <INFO> getBalance() called : 0.3
<2017-11-27 22:765:058> <PROGRAM> <INFO> setBalance() called : -0.7
<2017-11-27 22:766:058> <PROGRAM> <INFO> getBalance() called : 0.18
<2017-11-27 22:766:058> <PROGRAM> <INFO> setBalance() called : 1.18
<2017-11-27 22:407:005> <PROGRAM> <INFO> setAge() called : -1073422477
<2017-11-27 22:410:005> <PROGRAM> <INFO> getAge() called : -1073422477
<2017-11-27 22:412:005> <PROGRAM> <INFO> setName() called : Béatrice
<2017-11-27 22:412:005> <PROGRAM> <INFO> getName() called : Béatrice
<2017-11-27 22:413:005> <PROGRAM> <INFO> setBalance() called : 1.0
<2017-11-27 22:413:005> <PROGRAM> <INFO> getBalance() called : 1.0
<2017-11-27 22:414:005> <PROGRAM> <INFO> setBalance() called : 0.42
<2017-11-27 22:414:005> <PROGRAM> <INFO> getBalance() called : 0.42
<2017-11-27 22:414:005> <PROGRAM> <INFO> getBalance() called : 0.42
<2017-11-27 22:415:005> <PROGRAM> <INFO> setBalance() called : 1.42
<2017-11-27 22:415:005> <PROGRAM> <INFO> getBalance() called : 1.42
<2017-11-27 22:415:005> <PROGRAM> <INFO> setBalance() called : 0.18
<2017-11-27 22:415:005> <PROGRAM> <INFO> getBalance() called : 0.18
<2017-11-27 22:416:005> <PROGRAM> <INFO> getBalance() called : 0.18
<2017-11-27 22:416:005> <PROGRAM> <INFO> getBalance() called : 0.18
<2017-11-27 22:416:005> <PROGRAM> <INFO> setBalance() called : 0.18
<2017-11-27 22:417:005> <PROGRAM> <INFO> getBalance() called : 0.18
<2017-11-27 22:417:005> <PROGRAM> <INFO> setBalance() called : 0.58
<2017-11-27 22:417:005> <PROGRAM> <INFO> setBalance() called : 0.78
<2017-11-27 22:417:005> <PROGRAM> <INFO> getBalance() called : 0.78
<2017-11-27 22:418:005> <PROGRAM> <INFO> getBalance() called : 0.78
<2017-11-27 22:418:005> <PROGRAM> <INFO> getBalance() called : 0.58
<2017-11-27 22:418:005> <PROGRAM> <INFO> getBalance() called : 0.78
<2017-11-27 22:418:005> <PROGRAM> <INFO> setBalance() called : -0.22
<2017-11-27 22:419:005> <PROGRAM> <INFO> getBalance() called : 0.58
<2017-11-27 22:419:005> <PROGRAM> <INFO> setBalance() called : 1.58
<2017-11-27 22:719:025> <PROGRAM> <INFO> setAge() called : 1519796273
<2017-11-27 22:723:025> <PROGRAM> <INFO> getAge() called : 1519796273
<2017-11-27 22:725:025> <PROGRAM> <INFO> setName() called : Béatrice
<2017-11-27 22:725:025> <PROGRAM> <INFO> getName() called : Béatrice
<2017-11-27 22:726:025> <PROGRAM> <INFO> setBalance() called : 1.0
<2017-11-27 22:726:025> <PROGRAM> <INFO> getBalance() called : 1.0
<2017-11-27 22:727:025> <PROGRAM> <INFO> setBalance() called : 0.3
<2017-11-27 22:727:025> <PROGRAM> <INFO> getBalance() called : 0.3
<2017-11-27 22:728:025> <PROGRAM> <INFO> getBalance() called : 0.3
<2017-11-27 22:728:025> <PROGRAM> <INFO> setBalance() called : 0.3
<2017-11-27 22:728:025> <PROGRAM> <INFO> getBalance() called : 0.3
<2017-11-27 22:729:025> <PROGRAM> <INFO> setBalance() called : 0.64
<2017-11-27 22:729:025> <PROGRAM> <INFO> getBalance() called : 0.64
<2017-11-27 22:730:025> <PROGRAM> <INFO> getBalance() called : 0.64
<2017-11-27 22:730:025> <PROGRAM> <INFO> getBalance() called : 0.64
<2017-11-27 22:730:025> <PROGRAM> <INFO> setBalance() called : 0.64
<2017-11-27 22:731:025> <PROGRAM> <INFO> getBalance() called : 0.64
<2017-11-27 22:731:025> <PROGRAM> <INFO> setBalance() called : 0.74
<2017-11-27 22:732:025> <PROGRAM> <INFO> setBalance() called : 0.14
<2017-11-27 22:732:025> <PROGRAM> <INFO> getBalance() called : 0.14
<2017-11-27 22:732:025> <PROGRAM> <INFO> getBalance() called : 0.14
<2017-11-27 22:733:025> <PROGRAM> <INFO> getBalance() called : 0.74
<2017-11-27 22:733:025> <PROGRAM> <INFO> getBalance() called : 0.14
<2017-11-27 22:733:025> <PROGRAM> <INFO> setBalance() called : 0.14
<2017-11-27 22:734:025> <PROGRAM> <INFO> getBalance() called : 0.74
<2017-11-27 22:734:025> <PROGRAM> <INFO> setBalance() called : 0.74
<2017-11-27 22:11:031> <PROGRAM> <INFO> setAge() called : -1101107734
<2017-11-27 22:14:031> <PROGRAM> <INFO> getAge() called : -1101107734
<2017-11-27 22:16:031> <PROGRAM> <INFO> setName() called : Béatrice
<2017-11-27 22:16:031> <PROGRAM> <INFO> getName() called : Béatrice
<2017-11-27 22:17:031> <PROGRAM> <INFO> setBalance() called : 0.0
<2017-11-27 22:17:031> <PROGRAM> <INFO> getBalance() called : 0.0
<2017-11-27 22:17:031> <PROGRAM> <INFO> setBalance() called : 0.72
<2017-11-27 22:18:031> <PROGRAM> <INFO> getBalance() called : 0.72
<2017-11-27 22:18:031> <PROGRAM> <INFO> getBalance() called : 0.72
<2017-11-27 22:18:031> <PROGRAM> <INFO> setBalance() called : 1.72
<2017-11-27 22:18:031> <PROGRAM> <INFO> getBalance() called : 1.72
<2017-11-27 22:19:031> <PROGRAM> <INFO> setBalance() called : 0.45
<2017-11-27 22:19:031> <PROGRAM> <INFO> getBalance() called : 0.45
<2017-11-27 22:19:031> <PROGRAM> <INFO> getBalance() called : 0.45
<2017-11-27 22:19:031> <PROGRAM> <INFO> getBalance() called : 0.45
<2017-11-27 22:19:031> <PROGRAM> <INFO> setBalance() called : -0.55
<2017-11-27 22:20:031> <PROGRAM> <INFO> getBalance() called : -0.55
<2017-11-27 22:20:031> <PROGRAM> <INFO> setBalance() called : 0.47
<2017-11-27 22:20:031> <PROGRAM> <INFO> setBalance() called : 0.36
<2017-11-27 22:20:031> <PROGRAM> <INFO> getBalance() called : 0.36
<2017-11-27 22:20:031> <PROGRAM> <INFO> getBalance() called : 0.36
<2017-11-27 22:21:031> <PROGRAM> <INFO> getBalance() called : 0.47
<2017-11-27 22:21:031> <PROGRAM> <INFO> getBalance() called : 0.36
<2017-11-27 22:21:031> <PROGRAM> <INFO> setBalance() called : -0.64
<2017-11-27 22:21:031> <PROGRAM> <INFO> getBalance() called : 0.47
<2017-11-27 22:21:031> <PROGRAM> <INFO> setBalance() called : 1.47
<2017-11-27 22:188:032> <PROGRAM> <INFO> setAge() called : 54847194
<2017-11-27 22:192:032> <PROGRAM> <INFO> getAge() called : 54847194
<2017-11-27 22:197:032> <PROGRAM> <INFO> setName() called : Béatrice
<2017-11-27 22:197:032> <PROGRAM> <INFO> getName() called : Béatrice
<2017-11-27 22:198:032> <PROGRAM> <INFO> setBalance() called : 0.0
<2017-11-27 22:198:032> <PROGRAM> <INFO> getBalance() called : 0.0
<2017-11-27 22:199:032> <PROGRAM> <INFO> setBalance() called : 0.55
<2017-11-27 22:199:032> <PROGRAM> <INFO> getBalance() called : 0.55
<2017-11-27 22:199:032> <PROGRAM> <INFO> getBalance() called : 0.55
<2017-11-27 22:200:032> <PROGRAM> <INFO> setBalance() called : 1.55
<2017-11-27 22:200:032> <PROGRAM> <INFO> getBalance() called : 1.55
<2017-11-27 22:200:032> <PROGRAM> <INFO> setBalance() called : 0.11
<2017-11-27 22:200:032> <PROGRAM> <INFO> getBalance() called : 0.11
<2017-11-27 22:201:032> <PROGRAM> <INFO> getBalance() called : 0.11
<2017-11-27 22:201:032> <PROGRAM> <INFO> getBalance() called : 0.11
<2017-11-27 22:201:032> <PROGRAM> <INFO> setBalance() called : -0.89
<2017-11-27 22:201:032> <PROGRAM> <INFO> getBalance() called : -0.89
<2017-11-27 22:201:032> <PROGRAM> <INFO> setBalance() called : 0.22
<2017-11-27 22:202:032> <PROGRAM> <INFO> setBalance() called : 0.93
<2017-11-27 22:202:032> <PROGRAM> <INFO> getBalance() called : 0.93
<2017-11-27 22:202:032> <PROGRAM> <INFO> getBalance() called : 0.93
<2017-11-27 22:202:032> <PROGRAM> <INFO> getBalance() called : 0.22
<2017-11-27 22:202:032> <PROGRAM> <INFO> getBalance() called : 0.93
<2017-11-27 22:203:032> <PROGRAM> <INFO> setBalance() called : -0.07
<2017-11-27 22:203:032> <PROGRAM> <INFO> getBalance() called : 0.22
<2017-11-27 22:203:032> <PROGRAM> <INFO> setBalance() called : 1.22
<2017-11-27 22:284:033> <PROGRAM> <INFO> setAge() called : 1071115926
<2017-11-27 22:287:033> <PROGRAM> <INFO> getAge() called : 1071115926
<2017-11-27 22:289:033> <PROGRAM> <INFO> setName() called : Béatrice
<2017-11-27 22:289:033> <PROGRAM> <INFO> getName() called : Béatrice
<2017-11-27 22:290:033> <PROGRAM> <INFO> setBalance() called : 1.0
<2017-11-27 22:290:033> <PROGRAM> <INFO> getBalance() called : 1.0
<2017-11-27 22:291:033> <PROGRAM> <INFO> setBalance() called : 0.31
<2017-11-27 22:291:033> <PROGRAM> <INFO> getBalance() called : 0.31
<2017-11-27 22:291:033> <PROGRAM> <INFO> getBalance() called : 0.31
<2017-11-27 22:292:033> <PROGRAM> <INFO> setBalance() called : 1.31
<2017-11-27 22:292:033> <PROGRAM> <INFO> getBalance() called : 1.31
<2017-11-27 22:292:033> <PROGRAM> <INFO> setBalance() called : 0.64
<2017-11-27 22:292:033> <PROGRAM> <INFO> getBalance() called : 0.64
<2017-11-27 22:293:033> <PROGRAM> <INFO> getBalance() called : 0.64
<2017-11-27 22:293:033> <PROGRAM> <INFO> getBalance() called : 0.64
<2017-11-27 22:293:033> <PROGRAM> <INFO> setBalance() called : -0.36
<2017-11-27 22:293:033> <PROGRAM> <INFO> getBalance() called : -0.36
<2017-11-27 22:294:033> <PROGRAM> <INFO> setBalance() called : 0.54
<2017-11-27 22:294:033> <PROGRAM> <INFO> setBalance() called : 0.18
<2017-11-27 22:294:033> <PROGRAM> <INFO> getBalance() called : 0.18
<2017-11-27 22:294:033> <PROGRAM> <INFO> getBalance() called : 0.18
<2017-11-27 22:295:033> <PROGRAM> <INFO> getBalance() called : 0.54
<2017-11-27 22:295:033> <PROGRAM> <INFO> getBalance() called : 0.18
<2017-11-27 22:295:033> <PROGRAM> <INFO> setBalance() called : 0.18
<2017-11-27 22:295:033> <PROGRAM> <INFO> getBalance() called : 0.54
<2017-11-27 22:295:033> <PROGRAM> <INFO> setBalance() called : 0.54
<2017-11-27 22:662:034> <PROGRAM> <INFO> setAge() called : 1500982451
<2017-11-27 22:666:034> <PROGRAM> <INFO> getAge() called : 1500982451
<2017-11-27 22:668:034> <PROGRAM> <INFO> setName() called : Béatrice
<2017-11-27 22:668:034> <PROGRAM> <INFO> getName() called : Béatrice
<2017-11-27 22:669:034> <PROGRAM> <INFO> setBalance() called : 1.0
<2017-11-27 22:669:034> <PROGRAM> <INFO> getBalance() called : 1.0
<2017-11-27 22:670:034> <PROGRAM> <INFO> setBalance() called : 0.47
<2017-11-27 22:670:034> <PROGRAM> <INFO> getBalance() called : 0.47
<2017-11-27 22:670:034> <PROGRAM> <INFO> getBalance() called : 0.47
<2017-11-27 22:670:034> <PROGRAM> <INFO> setBalance() called : 1.47
<2017-11-27 22:671:034> <PROGRAM> <INFO> getBalance() called : 1.47
<2017-11-27 22:671:034> <PROGRAM> <INFO> setBalance() called : 0.14
<2017-11-27 22:671:034> <PROGRAM> <INFO> getBalance() called : 0.14
<2017-11-27 22:671:034> <PROGRAM> <INFO> getBalance() called : 0.14
<2017-11-27 22:672:034> <PROGRAM> <INFO> getBalance() called : 0.14
<2017-11-27 22:672:034> <PROGRAM> <INFO> setBalance() called : -0.86
<2017-11-27 22:672:034> <PROGRAM> <INFO> getBalance() called : -0.86
<2017-11-27 22:672:034> <PROGRAM> <INFO> setBalance() called : 0.67
<2017-11-27 22:673:034> <PROGRAM> <INFO> setBalance() called : 0.3
<2017-11-27 22:673:034> <PROGRAM> <INFO> getBalance() called : 0.3
<2017-11-27 22:673:034> <PROGRAM> <INFO> getBalance() called : 0.3
<2017-11-27 22:673:034> <PROGRAM> <INFO> getBalance() called : 0.67
<2017-11-27 22:674:034> <PROGRAM> <INFO> getBalance() called : 0.3
<2017-11-27 22:674:034> <PROGRAM> <INFO> setBalance() called : 0.3
<2017-11-27 22:674:034> <PROGRAM> <INFO> getBalance() called : 0.67
<2017-11-27 22:674:034> <PROGRAM> <INFO> setBalance() called : 0.67
<2017-11-27 22:183:036> <PROGRAM> <INFO> setAge() called : -1489831302
<2017-11-27 22:187:036> <PROGRAM> <INFO> getAge() called : -1489831302
<2017-11-27 22:189:036> <PROGRAM> <INFO> setName() called : Béatrice
<2017-11-27 22:189:036> <PROGRAM> <INFO> getName() called : Béatrice
<2017-11-27 22:190:036> <PROGRAM> <INFO> setBalance() called : 1.0
<2017-11-27 22:190:036> <PROGRAM> <INFO> getBalance() called : 1.0
<2017-11-27 22:190:036> <PROGRAM> <INFO> setBalance() called : 0.19
<2017-11-27 22:191:036> <PROGRAM> <INFO> getBalance() called : 0.19
<2017-11-27 22:191:036> <PROGRAM> <INFO> getBalance() called : 0.19
<2017-11-27 22:191:036> <PROGRAM> <INFO> setBalance() called : 1.19
<2017-11-27 22:191:036> <PROGRAM> <INFO> getBalance() called : 1.19
<2017-11-27 22:192:036> <PROGRAM> <INFO> setBalance() called : 0.46
<2017-11-27 22:192:036> <PROGRAM> <INFO> getBalance() called : 0.46
<2017-11-27 22:192:036> <PROGRAM> <INFO> getBalance() called : 0.46
<2017-11-27 22:192:036> <PROGRAM> <INFO> getBalance() called : 0.46
<2017-11-27 22:193:036> <PROGRAM> <INFO> setBalance() called : 0.46
<2017-11-27 22:193:036> <PROGRAM> <INFO> getBalance() called : 0.46
<2017-11-27 22:193:036> <PROGRAM> <INFO> setBalance() called : 0.04
<2017-11-27 22:193:036> <PROGRAM> <INFO> setBalance() called : 0.44
<2017-11-27 22:194:036> <PROGRAM> <INFO> getBalance() called : 0.44
<2017-11-27 22:194:036> <PROGRAM> <INFO> getBalance() called : 0.44
<2017-11-27 22:194:036> <PROGRAM> <INFO> getBalance() called : 0.04
<2017-11-27 22:194:036> <PROGRAM> <INFO> getBalance() called : 0.44
<2017-11-27 22:195:036> <PROGRAM> <INFO> setBalance() called : -0.56
<2017-11-27 22:195:036> <PROGRAM> <INFO> getBalance() called : 0.04
<2017-11-27 22:195:036> <PROGRAM> <INFO> setBalance() called : 1.04
<2017-11-27 22:838:045> <PROGRAM> <INFO> setAge() called : -62974695
<2017-11-27 22:841:045> <PROGRAM> <INFO> getAge() called : -62974695
<2017-11-27 22:843:045> <PROGRAM> <INFO> setName() called : Béatrice
<2017-11-27 22:843:045> <PROGRAM> <INFO> getName() called : Béatrice
<2017-11-27 22:844:045> <PROGRAM> <INFO> setBalance() called : 0.0
<2017-11-27 22:844:045> <PROGRAM> <INFO> getBalance() called : 0.0
<2017-11-27 22:845:045> <PROGRAM> <INFO> setBalance() called : 0.17
<2017-11-27 22:845:045> <PROGRAM> <INFO> getBalance() called : 0.17
<2017-11-27 22:845:045> <PROGRAM> <INFO> getBalance() called : 0.17
<2017-11-27 22:845:045> <PROGRAM> <INFO> setBalance() called : 1.17
<2017-11-27 22:846:045> <PROGRAM> <INFO> getBalance() called : 1.17
<2017-11-27 22:846:045> <PROGRAM> <INFO> setBalance() called : 0.43
<2017-11-27 22:846:045> <PROGRAM> <INFO> getBalance() called : 0.43
<2017-11-27 22:846:045> <PROGRAM> <INFO> getBalance() called : 0.43
<2017-11-27 22:847:045> <PROGRAM> <INFO> getBalance() called : 0.43
<2017-11-27 22:847:045> <PROGRAM> <INFO> setBalance() called : 0.43
<2017-11-27 22:847:045> <PROGRAM> <INFO> getBalance() called : 0.43
<2017-11-27 22:848:045> <PROGRAM> <INFO> setBalance() called : 0.08
<2017-11-27 22:848:045> <PROGRAM> <INFO> setBalance() called : 0.54
<2017-11-27 22:848:045> <PROGRAM> <INFO> getBalance() called : 0.54
<2017-11-27 22:848:045> <PROGRAM> <INFO> getBalance() called : 0.54
<2017-11-27 22:848:045> <PROGRAM> <INFO> getBalance() called : 0.08
<2017-11-27 22:849:045> <PROGRAM> <INFO> getBalance() called : 0.54
<2017-11-27 22:849:045> <PROGRAM> <INFO> setBalance() called : -0.46
<2017-11-27 22:849:045> <PROGRAM> <INFO> getBalance() called : 0.08
<2017-11-27 22:849:045> <PROGRAM> <INFO> setBalance() called : 1.08
